2026-02-17 07:34:56,294 - reporter - INFO - ✅ Report saved: D:\Major Project\Insider Threat Detection\reports\threat_report_20260217_073456.json
2026-02-17 07:34:56,298 - reporter - INFO - ✅ CSV report saved: D:\Major Project\Insider Threat Detection\reports\detailed_results_20260217_073456.csv
2026-02-17 09:18:36,159 - reporter - INFO - ✅ Report saved: D:\Major Project\Insider Threat Detection\reports\threat_report_20260217_091836.json
2026-02-17 09:18:36,171 - reporter - INFO - ✅ CSV report saved: D:\Major Project\Insider Threat Detection\reports\detailed_results_20260217_091836.csv
2026-02-17 09:48:30,909 - reporter - INFO - ✅ Report saved: D:\Major Project\Insider Threat Detection\reports\threat_report_20260217_094830.json
2026-02-17 09:48:30,912 - reporter - INFO - ✅ CSV saved: D:\Major Project\Insider Threat Detection\reports\detailed_results_20260217_094830.csv
2026-02-17 09:53:49,632 - reporter - INFO - ✅ Report saved: D:\Major Project\Insider Threat Detection\reports\threat_report_20260217_095349.json
2026-02-17 09:53:49,654 - reporter - INFO - ✅ CSV saved: D:\Major Project\Insider Threat Detection\reports\detailed_results_20260217_095349.csv
2026-02-17 09:58:16,400 - reporter - INFO - ✅ Report saved: D:\Major Project\Insider Threat Detection\reports\threat_report_20260217_095816.json
2026-02-17 09:58:16,402 - reporter - INFO - ✅ CSV saved: D:\Major Project\Insider Threat Detection\reports\detailed_results_20260217_095816.csv
2026-02-17 10:40:18,664 - reporter - INFO - ✅ Report saved: D:\Major Project\Insider Threat Detection\reports\threat_report_20260217_104018.json
2026-02-17 10:40:18,667 - reporter - INFO - ✅ CSV saved: D:\Major Project\Insider Threat Detection\reports\detailed_results_20260217_104018.csv
2026-02-17 10:55:00,904 - reporter - INFO - ✅ Report saved: d:\Major Project\Insider Threat Detection\reports\threat_report_20260217_105500.json
2026-02-17 10:55:00,907 - reporter - INFO - ✅ CSV saved: d:\Major Project\Insider Threat Detection\reports\detailed_results_20260217_105500.csv
2026-02-17 11:10:01,984 - reporter - INFO - ✅ Report saved: D:\Major Project\Insider Threat Detection\reports\threat_report_20260217_111001.json
2026-02-17 11:10:01,991 - reporter - INFO - ✅ CSV saved: D:\Major Project\Insider Threat Detection\reports\detailed_results_20260217_111001.csv
2026-02-17 11:18:29,260 - reporter - INFO - ✅ Report saved: D:\Major Project\Insider Threat Detection\reports\threat_report_20260217_111829.json
2026-02-17 11:18:29,263 - reporter - INFO - ✅ CSV saved: D:\Major Project\Insider Threat Detection\reports\detailed_results_20260217_111829.csv
2026-02-17 11:27:47,651 - reporter - INFO - ✅ Report saved: D:\Major Project\Insider Threat Detection\reports\threat_report_20260217_112747.json
2026-02-17 11:27:47,654 - reporter - INFO - ✅ CSV saved: D:\Major Project\Insider Threat Detection\reports\detailed_results_20260217_112747.csv
2026-02-17 11:54:18,095 - reporter - INFO - ✅ Report saved: D:\Major Project\Insider Threat Detection\reports\threat_report_20260217_115418.json
2026-02-17 11:54:18,098 - reporter - INFO - ✅ CSV saved: D:\Major Project\Insider Threat Detection\reports\detailed_results_20260217_115418.csv
2026-02-17 11:55:07,651 - reporter - INFO - ✅ Report saved: D:\Major Project\Insider Threat Detection\reports\threat_report_20260217_115507.json
2026-02-17 11:55:07,655 - reporter - INFO - ✅ CSV saved: D:\Major Project\Insider Threat Detection\reports\detailed_results_20260217_115507.csv
2026-02-17 12:01:14,378 - reporter - INFO - ✅ Report saved: D:\Major Project\Insider Threat Detection\reports\threat_report_20260217_120114.json
2026-02-17 12:01:14,400 - reporter - INFO - ✅ CSV saved: D:\Major Project\Insider Threat Detection\reports\detailed_results_20260217_120114.csv
2026-02-17 12:29:48,458 - reporter - INFO - ✅ Report saved: D:\Major Project\Insider Threat Detection\reports\threat_report_20260217_122948.json
2026-02-17 12:29:48,460 - reporter - INFO - ✅ CSV saved: D:\Major Project\Insider Threat Detection\reports\detailed_results_20260217_122948.csv
